Change Component Footprint: Designator=S215 Old Footprint=MX-switch - 1.5U New Footprint=MX-switch - 1.5U - switched pol
Change Component Footprint: Designator=S201 Old Footprint=MX-SWITCH - SWITCHED POL New Footprint=Alps-switch - switched pol
Change Component Footprint: Designator=S202 Old Footprint=MX-switch - switched pol New Footprint=Alps-switch - switched pol
Change Component Footprint: Designator=S203 Old Footprint=MX-SWITCH - SWITCHED POL New Footprint=Alps-switch - switched pol
Change Component Footprint: Designator=S204 Old Footprint=MX-switch - switched pol New Footprint=Alps-switch - switched pol
Change Component Footprint: Designator=S205 Old Footprint=MX-switch - switched pol New Footprint=Alps-switch - switched pol
Change Component Footprint: Designator=S206 Old Footprint=MX-switch - switched pol New Footprint=Alps-switch - switched pol
Change Component Footprint: Designator=S207 Old Footprint=MX-switch - switched pol New Footprint=Alps-switch - switched pol
Change Component Footprint: Designator=S208 Old Footprint=MX-switch - switched pol New Footprint=Alps-switch - switched pol
Change Component Footprint: Designator=S209 Old Footprint=MX-switch - switched pol New Footprint=Alps-switch - switched pol
Change Component Footprint: Designator=S210 Old Footprint=MX-switch - switched pol New Footprint=Alps-switch - switched pol
Change Component Footprint: Designator=S211 Old Footprint=MX-switch - switched pol New Footprint=Alps-switch - switched pol
Change Component Footprint: Designator=S212 Old Footprint=MX-switch - switched pol New Footprint=Alps-switch - switched pol
Change Component Footprint: Designator=S213 Old Footprint=MX-switch - switched pol New Footprint=Alps-switch - switched pol
Change Component Footprint: Designator=S214 Old Footprint=MX-switch - switched pol New Footprint=Alps-switch - switched pol
Change Component Footprint: Designator=S216 Old Footprint=MX-SWITCH - SWITCHED POL New Footprint=Alps-switch - switched pol
Change Component Footprint: Designator=S217 Old Footprint=MX-SWITCH - SWITCHED POL New Footprint=Alps-switch - switched pol
Change Component Footprint: Designator=S218 Old Footprint=MX-SWITCH - SWITCHED POL New Footprint=Alps-switch - switched pol
Change Component Footprint: Designator=S219 Old Footprint=MX-SWITCH - SWITCHED POL New Footprint=Alps-switch - switched pol
Change Component Footprint: Designator=S220 Old Footprint=MX-SWITCH - SWITCHED POL New Footprint=Alps-switch - switched pol
Change Component Footprint: Designator=S221 Old Footprint=MX-SWITCH - SWITCHED POL New Footprint=Alps-switch - switched pol
Change Component Footprint: Designator=S222 Old Footprint=MX-SWITCH - SWITCHED POL New Footprint=Alps-switch - switched pol
Change Component Footprint: Designator=S223 Old Footprint=MX-SWITCH - SWITCHED POL New Footprint=Alps-switch - switched pol
Change Component Footprint: Designator=S224 Old Footprint=MX-SWITCH - SWITCHED POL New Footprint=Alps-switch - switched pol
Change Component Footprint: Designator=S225 Old Footprint=MX-SWITCH - SWITCHED POL New Footprint=Alps-switch - switched pol
Change Component Footprint: Designator=S226 Old Footprint=MX-SWITCH - SWITCHED POL New Footprint=Alps-switch - switched pol
Change Component Footprint: Designator=S227 Old Footprint=MX-SWITCH - SWITCHED POL New Footprint=Alps-switch - switched pol
Change Component Footprint: Designator=S230 Old Footprint=MX-SWITCH - SWITCHED POL New Footprint=Alps-switch - switched pol
Change Component Footprint: Designator=S231 Old Footprint=MX-SWITCH - SWITCHED POL New Footprint=Alps-switch - switched pol
Change Component Footprint: Designator=S232 Old Footprint=MX-SWITCH - SWITCHED POL New Footprint=Alps-switch - switched pol
Change Component Footprint: Designator=S233 Old Footprint=MX-SWITCH - SWITCHED POL New Footprint=Alps-switch - switched pol
Change Component Footprint: Designator=S234 Old Footprint=MX-SWITCH - SWITCHED POL New Footprint=Alps-switch - switched pol
Change Component Footprint: Designator=S235 Old Footprint=MX-SWITCH - SWITCHED POL New Footprint=Alps-switch - switched pol
Change Component Footprint: Designator=S236 Old Footprint=MX-SWITCH - SWITCHED POL New Footprint=Alps-switch - switched pol
Change Component Footprint: Designator=S237 Old Footprint=MX-SWITCH - SWITCHED POL New Footprint=Alps-switch - switched pol
Change Component Footprint: Designator=S238 Old Footprint=MX-SWITCH - SWITCHED POL New Footprint=Alps-switch - switched pol
Change Component Footprint: Designator=S239 Old Footprint=MX-SWITCH - SWITCHED POL New Footprint=Alps-switch - switched pol
Change Component Footprint: Designator=S240 Old Footprint=MX-SWITCH - SWITCHED POL New Footprint=Alps-switch - switched pol
Change Component Footprint: Designator=S245 Old Footprint=MX-SWITCH - SWITCHED POL New Footprint=Alps-switch - switched pol
Change Component Footprint: Designator=S246 Old Footprint=MX-SWITCH - SWITCHED POL New Footprint=Alps-switch - switched pol
Change Component Footprint: Designator=S247 Old Footprint=MX-SWITCH - SWITCHED POL New Footprint=Alps-switch - switched pol
Change Component Footprint: Designator=S248 Old Footprint=MX-SWITCH - SWITCHED POL New Footprint=Alps-switch - switched pol
Change Component Footprint: Designator=S249 Old Footprint=MX-SWITCH - SWITCHED POL New Footprint=Alps-switch - switched pol
Change Component Footprint: Designator=S250 Old Footprint=MX-SWITCH - SWITCHED POL New Footprint=Alps-switch - switched pol
Change Component Footprint: Designator=S251 Old Footprint=MX-SWITCH - SWITCHED POL New Footprint=Alps-switch - switched pol
Change Component Footprint: Designator=S252 Old Footprint=MX-SWITCH - SWITCHED POL New Footprint=Alps-switch - switched pol
Change Component Footprint: Designator=S253 Old Footprint=MX-SWITCH - SWITCHED POL New Footprint=Alps-switch - switched pol
Change Component Footprint: Designator=S254 Old Footprint=MX-SWITCH - SWITCHED POL New Footprint=Alps-switch - switched pol
Added Component: Designator=D261(D0603[1608])
Add component. Clean all parameters for all variants
Add component (AddParameter): Name = "LCSC MFG"; Value = "Brightking Elec (TAIWAN)"; VariantName = "[No Variations]"
Add component (AddParameter): Name = "LCSCPN"; Value = "C109002"; VariantName = "[No Variations]"
Add component (AddParameter): Name = "MFG"; Value = "Bourns Inc."; VariantName = "[No Variations]"
Add component (AddParameter): Name = "MFGPN"; Value = "CD0603-B0340R"; VariantName = "[No Variations]"
Add component (AddParameter): Name = "MRF.Part"; Value = "CD4148WTP"; VariantName = "[No Variations]"
Add component (AddParameter): Name = "Value"; Value = ""; VariantName = "[No Variations]"
Add component (AddParameter): Name = "Version"; Value = "0603 imperial"; VariantName = "[No Variations]"
Added Component: Designator=D263(D0603[1608])
Add component. Clean all parameters for all variants
Add component (AddParameter): Name = "LCSC MFG"; Value = "Brightking Elec (TAIWAN)"; VariantName = "[No Variations]"
Add component (AddParameter): Name = "LCSCPN"; Value = "C109002"; VariantName = "[No Variations]"
Add component (AddParameter): Name = "MFG"; Value = "Bourns Inc."; VariantName = "[No Variations]"
Add component (AddParameter): Name = "MFGPN"; Value = "CD0603-B0340R"; VariantName = "[No Variations]"
Add component (AddParameter): Name = "MRF.Part"; Value = "CD4148WTP"; VariantName = "[No Variations]"
Add component (AddParameter): Name = "Value"; Value = ""; VariantName = "[No Variations]"
Add component (AddParameter): Name = "Version"; Value = "0603 imperial"; VariantName = "[No Variations]"
Added Component: Designator=S261(ALPS-switch - 2.75U - no stab)
Add component. Clean all parameters for all variants
Added Component: Designator=S263(ALPS-switch - 2.75U - no stab)
Add component. Clean all parameters for all variants
Added Pin To Net: NetName=PD2 Pin=D261-2
Added Pin To Net: NetName=PD2 Pin=D263-2
Added Pin To Net: NetName=col11 Pin=S261-2
Added Pin To Net: NetName=col6 Pin=S263-2
Added Pin To Net: NetName=NetD261_1 Pin=D261-1
Added Pin To Net: NetName=NetD261_1 Pin=S261-1
Added Net: Name=NetD261_1
Added Pin To Net: NetName=NetD263_1 Pin=D263-1
Added Pin To Net: NetName=NetD263_1 Pin=S263-1
Added Net: Name=NetD263_1
Added Member To Class: ClassName=Designator Member=Component D261 Diode
Added Member To Class: ClassName=Designator Member=Component D263 Diode
Added Member To Class: ClassName=Designator Member=Component S261 MX
Added Member To Class: ClassName=Designator Member=Component S263 MX
