Change Component Footprint: Designator=S215 Old Footprint=MX-switch - 1.5U New Footprint=SMK-switch - 1.5U
Change Component Footprint: Designator=S244 Old Footprint=MX-switch New Footprint=SMK-switch
Change Component Footprint: Designator=S267 Old Footprint=MX-switch New Footprint=SMK-switch
Change Component Footprint: Designator=S269 Old Footprint=MX-SWITCH New Footprint=SMK-switch
Change Component Footprint: Designator=S201 Old Footprint=MX-SWITCH - SWITCHED POL New Footprint=SMK-switch - switched polarity
Change Component Footprint: Designator=S202 Old Footprint=MX-switch - switched pol New Footprint=SMK-switch - switched polarity
Change Component Footprint: Designator=S203 Old Footprint=MX-SWITCH - SWITCHED POL New Footprint=SMK-switch - switched polarity
Change Component Footprint: Designator=S204 Old Footprint=MX-switch - switched pol New Footprint=SMK-switch - switched polarity
Change Component Footprint: Designator=S205 Old Footprint=MX-switch - switched pol New Footprint=SMK-switch - switched polarity
Change Component Footprint: Designator=S206 Old Footprint=MX-switch - switched pol New Footprint=SMK-switch - switched polarity
Change Component Footprint: Designator=S207 Old Footprint=MX-switch - switched pol New Footprint=SMK-switch - switched polarity
Change Component Footprint: Designator=S208 Old Footprint=MX-switch - switched pol New Footprint=SMK-switch - switched polarity
Change Component Footprint: Designator=S209 Old Footprint=MX-switch - switched pol New Footprint=SMK-switch - switched polarity
Change Component Footprint: Designator=S210 Old Footprint=MX-switch - switched pol New Footprint=SMK-switch - switched polarity
Change Component Footprint: Designator=S211 Old Footprint=MX-switch - switched pol New Footprint=SMK-switch - switched polarity
Change Component Footprint: Designator=S212 Old Footprint=MX-switch - switched pol New Footprint=SMK-switch - switched polarity
Change Component Footprint: Designator=S213 Old Footprint=MX-switch - switched pol New Footprint=SMK-switch - switched polarity
Change Component Footprint: Designator=S214 Old Footprint=MX-switch - switched pol New Footprint=SMK-switch - switched polarity
Change Component Footprint: Designator=S216 Old Footprint=MX-SWITCH - SWITCHED POL New Footprint=SMK-switch - switched polarity
Change Component Footprint: Designator=S217 Old Footprint=MX-SWITCH - SWITCHED POL New Footprint=SMK-switch - switched polarity
Change Component Footprint: Designator=S218 Old Footprint=MX-SWITCH - SWITCHED POL New Footprint=SMK-switch - switched polarity
Change Component Footprint: Designator=S219 Old Footprint=MX-SWITCH - SWITCHED POL New Footprint=SMK-switch - switched polarity
Change Component Footprint: Designator=S220 Old Footprint=MX-SWITCH - SWITCHED POL New Footprint=SMK-switch - switched polarity
Change Component Footprint: Designator=S221 Old Footprint=MX-SWITCH - SWITCHED POL New Footprint=SMK-switch - switched polarity
Change Component Footprint: Designator=S222 Old Footprint=MX-SWITCH - SWITCHED POL New Footprint=SMK-switch - switched polarity
Change Component Footprint: Designator=S223 Old Footprint=MX-SWITCH - SWITCHED POL New Footprint=SMK-switch - switched polarity
Change Component Footprint: Designator=S224 Old Footprint=MX-SWITCH - SWITCHED POL New Footprint=SMK-switch - switched polarity
Change Component Footprint: Designator=S225 Old Footprint=MX-SWITCH - SWITCHED POL New Footprint=SMK-switch - switched polarity
Change Component Footprint: Designator=S226 Old Footprint=MX-SWITCH - SWITCHED POL New Footprint=SMK-switch - switched polarity
Change Component Footprint: Designator=S227 Old Footprint=MX-SWITCH - SWITCHED POL New Footprint=SMK-switch - switched polarity
Change Component Footprint: Designator=S230 Old Footprint=MX-SWITCH - SWITCHED POL New Footprint=SMK-switch - switched polarity
Change Component Footprint: Designator=S231 Old Footprint=MX-SWITCH - SWITCHED POL New Footprint=SMK-switch - switched polarity
Change Component Footprint: Designator=S232 Old Footprint=MX-SWITCH - SWITCHED POL New Footprint=SMK-switch - switched polarity
Change Component Footprint: Designator=S233 Old Footprint=MX-SWITCH - SWITCHED POL New Footprint=SMK-switch - switched polarity
Change Component Footprint: Designator=S234 Old Footprint=MX-SWITCH - SWITCHED POL New Footprint=SMK-switch - switched polarity
Change Component Footprint: Designator=S235 Old Footprint=MX-SWITCH - SWITCHED POL New Footprint=SMK-switch - switched polarity
Change Component Footprint: Designator=S236 Old Footprint=MX-SWITCH - SWITCHED POL New Footprint=SMK-switch - switched polarity
Change Component Footprint: Designator=S237 Old Footprint=MX-SWITCH - SWITCHED POL New Footprint=SMK-switch - switched polarity
Change Component Footprint: Designator=S238 Old Footprint=MX-SWITCH - SWITCHED POL New Footprint=SMK-switch - switched polarity
Change Component Footprint: Designator=S239 Old Footprint=MX-SWITCH - SWITCHED POL New Footprint=SMK-switch - switched polarity
Change Component Footprint: Designator=S240 Old Footprint=MX-SWITCH - SWITCHED POL New Footprint=SMK-switch - switched polarity
Change Component Footprint: Designator=S245 Old Footprint=MX-SWITCH - SWITCHED POL New Footprint=SMK-switch - switched polarity
Change Component Footprint: Designator=S246 Old Footprint=MX-SWITCH - SWITCHED POL New Footprint=SMK-switch - switched polarity
Change Component Footprint: Designator=S247 Old Footprint=MX-SWITCH - SWITCHED POL New Footprint=SMK-switch - switched polarity
Change Component Footprint: Designator=S248 Old Footprint=MX-SWITCH - SWITCHED POL New Footprint=SMK-switch - switched polarity
Change Component Footprint: Designator=S249 Old Footprint=MX-SWITCH - SWITCHED POL New Footprint=SMK-switch - switched polarity
Change Component Footprint: Designator=S250 Old Footprint=MX-SWITCH - SWITCHED POL New Footprint=SMK-switch - switched polarity
Change Component Footprint: Designator=S251 Old Footprint=MX-SWITCH - SWITCHED POL New Footprint=SMK-switch - switched polarity
Change Component Footprint: Designator=S252 Old Footprint=MX-SWITCH - SWITCHED POL New Footprint=SMK-switch - switched polarity
Change Component Footprint: Designator=S253 Old Footprint=MX-SWITCH - SWITCHED POL New Footprint=SMK-switch - switched polarity
Change Component Footprint: Designator=S254 Old Footprint=MX-SWITCH - SWITCHED POL New Footprint=SMK-switch - switched polarity
